<?xml version="1.0" encoding="UTF-8"?>
<!--
This file is part of Volantis Mobility Server. 

Volantis Mobility Server is free software: you can redistribute it and/or modify
it under the terms of the GNU General Public License as published by
the Free Software Foundation, either version 3 of the License, or
(at your option) any later version.

Volantis Mobility Server is distributed in the hope that it will be useful,
but WITHOUT ANY WARRANTY; without even the implied warranty of
MERCHANTABILITY or FITNESS FOR A PARTICULAR PURPOSE.  See the
GNU General Public License for more details.

You should have received a copy of the GNU General Public License
along with Volantis Mobility Server.  If not, see <http://www.gnu.org/licenses/>. 
-->

<!--Sample XML file generated by XMLSPY v5 rel. 4 U (http://www.xmlspy.com)-->
<theme xmlns:xsi="http://www.w3.org/2001/XMLSchema-instance" xsi:noNamespaceSchemaLocation="../xml-schema/repository/Repository-Theme.xsd" name="String">
    <deviceTheme deviceName="String" externalStyleSheet="http://www.altova.com">
        <rule>
            <simpleSelectorSequence>
                <typeSelector type="a"/>
            </simpleSelectorSequence>
            <styleProperties>
                <backgroundAttachment inherit="false" priority="normal" keyword="scroll"/>
                <backgroundColor inherit="false" priority="normal" keyword="transparent" rgb="#000000" red="3.14159265358979" green="3.14159265358979" blue="3.14159265358979" color="aqua"/>
                <backgroundImage inherit="false" priority="normal" keyword="none" uri="http://www.altova.com" marinerComponentURI="http://www.altova.com"/>
                <backgroundPosition inherit="false" priority="normal">
                    <backgroundXPosition keyword="left" length="3.14159265358979" lengthUnits="mm" percentage="3.14159265358979"/>
                    <backgroundYPosition keyword="top" length="3.14159265358979" lengthUnits="mm" percentage="3.14159265358979"/>
                </backgroundPosition>
                <backgroundRepeat inherit="false" priority="normal" keyword="repeat"/>
                <borderBottomColor inherit="false" priority="normal" rgb="#000000" red="3.14159265358979" green="3.14159265358979" blue="3.14159265358979" color="aqua"/>
                <borderBottomStyle inherit="false" priority="normal" keyword="none"/>
                <borderBottomWidth inherit="false" priority="normal" keyword="thin" length="3.14159265358979" lengthUnits="mm"/>
                <borderLeftColor inherit="false" priority="normal" rgb="#000000" red="3.14159265358979" green="3.14159265358979" blue="3.14159265358979" color="aqua"/>
                <borderLeftStyle inherit="false" priority="normal" keyword="none"/>
                <borderLeftWidth inherit="false" priority="normal" keyword="thin" length="3.14159265358979" lengthUnits="mm"/>
                <borderRightColor inherit="false" priority="normal" rgb="#000000" red="3.14159265358979" green="3.14159265358979" blue="3.14159265358979" color="aqua"/>
                <borderRightStyle inherit="false" priority="normal" keyword="none"/>
                <borderRightWidth inherit="false" priority="normal" keyword="thin" length="3.14159265358979" lengthUnits="mm"/>
                <borderSpacing inherit="false" priority="normal">
                    <borderHorizontalSpacing length="3.14159265358979" lengthUnits="mm"/>
                    <borderVerticalSpacing length="3.14159265358979" lengthUnits="mm"/>
                </borderSpacing>
                <borderTopColor inherit="false" priority="normal" rgb="#000000" red="3.14159265358979" green="3.14159265358979" blue="3.14159265358979" color="aqua"/>
                <borderTopStyle inherit="false" priority="normal" keyword="none"/>
                <borderTopWidth inherit="false" priority="normal" keyword="thin" length="3.14159265358979" lengthUnits="mm"/>
                <bottom inherit="false" priority="normal" keyword="auto" length="3.14159265358979" lengthUnits="mm" percentage="3.14159265358979"/>
                <clear inherit="false" priority="normal" keyword="none"/>
                <color inherit="false" priority="normal" rgb="#000000" red="3.14159265358979" green="3.14159265358979" blue="3.14159265358979" color="aqua"/>
                <display inherit="false" priority="normal" keyword="inline"/>
                <float inherit="false" priority="normal" keyword="left"/>
                <fontFamily inherit="false" priority="normal">
                    <familyName string="family one"/>
                    <familyName string="family two"/>
                    <genericFamily keyword="fantasy"/>
                </fontFamily>
                <fontSize inherit="false" priority="normal" keyword="xx-small" length="3.14159265358979" lengthUnits="mm" percentage="3.14159265358979"/>
                <fontSizeAdjust inherit="false" priority="normal" keyword="none" number="3.14159265358979"/>
                <fontStretch inherit="false" priority="normal" keyword="normal"/>
                <fontStyle inherit="false" priority="normal" keyword="normal"/>
                <fontVariant inherit="false" priority="normal" keyword="normal"/>
                <fontWeight inherit="false" priority="normal" keyword="weight-100"/>
                <height inherit="false" priority="normal" length="3.14159265358979" lengthUnits="mm" keyword="auto" percentage="3.14159265358979"/>
                <left inherit="false" priority="normal" keyword="auto" length="3.14159265358979" lengthUnits="mm" percentage="3.14159265358979"/>
                <letterSpacing inherit="false" priority="normal" keyword="normal" length="3.14159265358979" lengthUnits="mm"/>
                <lineHeight inherit="false" priority="normal" keyword="normal" number="3.14159265358979" length="3.14159265358979" lengthUnits="mm" percentage="3.14159265358979"/>
                <listStyleImage inherit="false" priority="normal" keyword="none" uri="http://www.altova.com" marinerComponentURI="http://www.altova.com"/>
                <listStylePosition inherit="false" priority="normal" keyword="inside"/>
                <listStyleType inherit="false" priority="normal" keyword="disc"/>
                <marginBottom inherit="false" priority="normal" keyword="auto" length="3.14159265358979" lengthUnits="mm" percentage="3.14159265358979"/>
                <marginLeft inherit="false" priority="normal" keyword="auto" length="3.14159265358979" lengthUnits="mm" percentage="3.14159265358979"/>
                <marginRight inherit="false" priority="normal" keyword="auto" length="3.14159265358979" lengthUnits="mm" percentage="3.14159265358979"/>
                <marginTop inherit="false" priority="normal" keyword="auto" length="3.14159265358979" lengthUnits="mm" percentage="3.14159265358979"/>
                <marinerAuralDTMFAllocation inherit="false" priority="normal" keyword="automatic"/>
                <marinerAuralMenuScope inherit="false" priority="normal" keyword="dialog"/>
                <marinerBackgroundDynamicVisual inherit="false" priority="normal" keyword="none" uri="http://www.altova.com" marinerComponentURI="http://www.altova.com"/>
                <marinerCaretColor inherit="false" priority="normal" rgb="#000000" red="3.14159265358979" green="3.14159265358979" blue="3.14159265358979" color="aqua"/>
                <marinerChartAdornments inherit="false" priority="normal" keyword="none"/>
                <marinerChartForegroundColors inherit="false" priority="normal">
                    <chartColor rgb="#000000" red="3.14159265358979" green="3.14159265358979" blue="3.14159265358979" color="aqua" keyword="transparent"/>
                    <chartColor rgb="#000000" red="3.14159265358979" green="3.14159265358979" blue="3.14159265358979" color="aqua" keyword="transparent"/>
                </marinerChartForegroundColors>
                <marinerChartGridColor inherit="false" priority="normal" rgb="#000000" red="3.14159265358979" green="3.14159265358979" blue="3.14159265358979" color="aqua"/>
                <marinerChartHeight inherit="false" priority="normal" percentage="3.14159265358979"/>
                <marinerChartLabelValues inherit="false" priority="normal" keyword="yes"/>
                <marinerChartWidth inherit="false" priority="normal" percentage="3.14159265358979"/>
                <marinerChartXAxisAngle inherit="false" priority="normal" angle="3.14159265358979" angleUnits="deg"/>
                <marinerChartYAxisAngle inherit="false" priority="normal" angle="3.14159265358979" angleUnits="deg"/>
                <marinerColumns inherit="false" priority="normal" integer="0"/>
                <marinerCornerRadius inherit="false" priority="normal" length="3.14159265358979" lengthUnits="mm"/>
                <marinerFocus inherit="false" priority="normal" keyword="ignore"/>
                <marinerFormActionImage inherit="false" priority="normal" keyword="none" marinerComponentURI="http://www.altova.com" uri="http://www.altova.com"/>
                <marinerFormActionStyle inherit="false" priority="normal" keyword="default"/>
                <marinerFragmentListOrientation inherit="false" priority="normal" keyword="horizontal"/>
                <marinerFragmentListPosition inherit="false" priority="normal" keyword="top"/>
                <marinerHttpMethodHint inherit="false" priority="normal" keyword="get"/>
                <marinerImage inherit="false" priority="normal" keyword="none" uri="http://www.altova.com" marinerComponentURI="http://www.altova.com"/>
                <marinerImageFrameInterval inherit="false" priority="normal" time="3.14159265358979" timeUnits="ms"/>
                <marinerImageInitialFrame inherit="false" priority="normal" number="3.14159265358979"/>
                <marinerImageRepeatCount inherit="false" priority="normal" keyword="indefinite" number="3.14159265358979"/>
                <marinerLineGap inherit="false" priority="normal" length="3.14159265358979" lengthUnits="mm"/>
                <marinerLinkMedia inherit="false" priority="normal" keyword="normal"/>
                <marinerLinkStyle inherit="false" priority="normal" keyword="default"/>
                <marinerMenuOrientation inherit="false" priority="normal" keyword="horizontal"/>
                <marinerMenuSeparatorRepeat inherit="false" priority="normal" number="3.141"/>
                <marinerMMFlashAlign inherit="false" priority="normal" keyword="center"/>
                <marinerMMFlashQuality inherit="false" priority="normal" keyword="high"/>
                <marinerMMFlashScale inherit="false" priority="normal" keyword="show-all"/>
                <marinerMMFlashScaledAlign inherit="false" priority="normal">
                    <marinerMMFlashXPosition keyword="left"/>
                    <marinerMMFlashYPosition keyword="top"/>
                </marinerMMFlashScaledAlign>
                <marinerMMFlashWindowsMode inherit="false" priority="normal" keyword="window"/>
                <marinerParagraphGap inherit="false" priority="normal" length="3.14159265358979" lengthUnits="mm"/>
                <marinerRowGap inherit="false" priority="normal" length="3.14159265358979" lengthUnits="mm"/>
                <marinerRows inherit="false" priority="normal" integer="0"/>
                <marinerSelectionListOptionLayout inherit="false" priority="normal" keyword="caption-first"/>
                <marinerSelectionListStyle inherit="false" priority="normal" keyword="circular-list"/>
                <marinerSelectionListTrigger inherit="false" priority="normal" keyword="normal"/>
                <marinerSystemFont inherit="false" priority="normal" keyword="caption"/>
                <overflow inherit="false" priority="normal" keyword="visible"/>
                <paddingBottom inherit="false" priority="normal" length="3.14159265358979" lengthUnits="mm" percentage="3.14159265358979"/>
                <paddingLeft inherit="false" priority="normal" length="3.14159265358979" lengthUnits="mm" percentage="3.14159265358979"/>
                <paddingRight inherit="false" priority="normal" length="3.14159265358979" lengthUnits="mm" percentage="3.14159265358979"/>
                <paddingTop inherit="false" priority="normal" length="3.14159265358979" lengthUnits="mm" percentage="3.14159265358979"/>
                <position inherit="false" priority="normal" keyword="static"/>
                <right inherit="false" priority="normal" keyword="auto" length="3.14159265358979" lengthUnits="mm" percentage="3.14159265358979"/>
                <textAlign inherit="false" priority="normal" keyword="left" string="String"/>
                <textDecoration inherit="false" priority="normal" keyword="none" underline="false" overline="false" line-through="false" blink="false"/>
                <textIndent inherit="false" priority="normal" length="3.14159265358979" lengthUnits="mm" percentage="3.14159265358979"/>
                <textTransform inherit="false" priority="normal" keyword="capitalize"/>
                <top inherit="false" priority="normal" keyword="auto" length="3.14159265358979" lengthUnits="mm" percentage="3.14159265358979"/>
                <verticalAlign inherit="false" priority="normal" keyword="baseline" length="3.14159265358979" lengthUnits="mm" percentage="3.14159265358979"/>
                <visibility inherit="false" priority="normal" keyword="visible"/>
                <whiteSpace inherit="false" priority="normal" keyword="normal"/>
                <width inherit="false" priority="normal" length="3.14159265358979" lengthUnits="mm" keyword="auto" percentage="3.14159265358979"/>
                <wordSpacing inherit="false" priority="normal" keyword="normal" length="3.14159265358979" lengthUnits="mm"/>
            </styleProperties>
        </rule>
    </deviceTheme>
</theme>
